jackknife-filechooser/build/outputs/logs/manifest-merger-debug-report.txt
-- Merging decision tree log ---
manifest
ADDED from src\main\AndroidManifest.xml:2:1-24:12
INJECTED from src\main\AndroidManifest.xml:2:1-24:12
INJECTED from src\main\AndroidManifest.xml:2:1-24:12
INJECTED from src\main\AndroidManifest.xml:2:1-24:12
INJECTED from src\main\AndroidManifest.xml:2:1-24:12
INJECTED from src\main\AndroidManifest.xml:2:1-24:12
INJECTED from src\main\AndroidManifest.xml:2:1-24:12
	package
		ADDED from src\main\AndroidManifest.xml:3:5-45
		INJECTED from src\main\AndroidManifest.xml
		INJECTED from src\main\AndroidManifest.xml
	android:versionName
		INJECTED from src\main\AndroidManifest.xml
		ADDED from src\main\AndroidManifest.xml:2:1-24:12
		INJECTED from src\main\AndroidManifest.xml
	android:versionCode
		INJECTED from src\main\AndroidManifest.xml
		ADDED from src\main\AndroidManifest.xml:2:1-24:12
		INJECTED from src\main\AndroidManifest.xml
	xmlns:android
		ADDED from src\main\AndroidManifest.xml:2:11-69
uses-permission#android.permission.MOUNT_UNMOUNT_FILESYSTEMS
ADDED from src\main\AndroidManifest.xml:4:5-83
	android:name
		ADDED from src\main\AndroidManifest.xml:4:22-81
uses-permission#android.permission.WRITE_EXTERNAL_STORAGE
ADDED from src\main\AndroidManifest.xml:5:5-81
	android:name
		ADDED from src\main\AndroidManifest.xml:5:22-78
uses-permission#android.permission.READ_EXTERNAL_STORAGE
ADDED from src\main\AndroidManifest.xml:6:5-80
	android:name
		ADDED from src\main\AndroidManifest.xml:6:22-77
application
ADDED from src\main\AndroidManifest.xml:8:5-23:19
	android:supportsRtl
		ADDED from src\main\AndroidManifest.xml:11:9-35
	android:label
		ADDED from src\main\AndroidManifest.xml:10:9-41
	android:allowBackup
		ADDED from src\main\AndroidManifest.xml:9:9-35
activity#com.lwh.jackknife.fileexplorer.ui.FileExplorerActivity
ADDED from src\main\AndroidManifest.xml:12:9-19:20
	android:theme
		ADDED from src\main\AndroidManifest.xml:13:13-63
	android:name
		ADDED from src\main\AndroidManifest.xml:12:19-88
intent-filter#action:name:com.lwh.jackknife.action.CHOOSE_BOTH_FILE_AND_FOLDER+action:name:com.lwh.jackknife.action.CHOOSE_FILE+action:name:com.lwh.jackknife.action.CHOOSE_FOLDER
ADDED from src\main\AndroidManifest.xml:14:13-18:29
action#com.lwh.jackknife.action.CHOOSE_FILE
ADDED from src\main\AndroidManifest.xml:15:17-78
	android:name
		ADDED from src\main\AndroidManifest.xml:15:25-76
action#com.lwh.jackknife.action.CHOOSE_FOLDER
ADDED from src\main\AndroidManifest.xml:16:17-80
	android:name
		ADDED from src\main\AndroidManifest.xml:16:25-78
action#com.lwh.jackknife.action.CHOOSE_BOTH_FILE_AND_FOLDER
ADDED from src\main\AndroidManifest.xml:17:17-94
	android:name
		ADDED from src\main\AndroidManifest.xml:17:25-92
activity#com.lwh.jackknife.permission.bridge.BridgeActivity
ADDED from src\main\AndroidManifest.xml:20:9-22:52
	android:screenOrientation
		ADDED from src\main\AndroidManifest.xml:22:13-49
	android:name
		ADDED from src\main\AndroidManifest.xml:21:13-78
uses-sdk
INJECTED from src\main\AndroidManifest.xml reason: use-sdk injection requested
INJECTED from src\main\AndroidManifest.xml
INJECTED from src\main\AndroidManifest.xml
INJECTED from src\main\AndroidManifest.xml
INJECTED from src\main\AndroidManifest.xml
	android:targetSdkVersion
		INJECTED from src\main\AndroidManifest.xml
		ADDED from src\main\AndroidManifest.xml
		INJECTED from src\main\AndroidManifest.xml
	android:minSdkVersion
		INJECTED from src\main\AndroidManifest.xml
		ADDED from src\main\AndroidManifest.xml
		INJECTED from src\main\AndroidManifest.xml